<?xml version="1.0" encoding="UTF-8"?>
<!-- Generated by org.testng.reporters.JUnitXMLReporter -->
<testsuite hostname="Xeon_Opteron" name="Default test" tests="2" failures="0" timestamp="3 May 2016 13:56:29 GMT" time="49.729" errors="0">
  <testcase name="getModelAndPriceOfTopRatedSmartphones" time="20.291" classname="ua.com.rozetka.pages.TopListPriceAndModelSmartphonesTest"/>
  <testcase name="getModelAndPriceOfTopRatedSmartphones2" time="19.638" classname="ua.com.rozetka.pages.TopListPriceAndModelSmartphonesTest"/>
</testsuite> <!-- Default test -->
