<?xml version="1.0" encoding="UTF-8"?>
<testng-results skipped="0" failed="0" total="2" passed="2">
  <reporter-output>
  </reporter-output>
  <suite name="Default suite" duration-ms="49729" started-at="2016-05-03T13:55:40Z" finished-at="2016-05-03T13:56:29Z">
    <groups>
    </groups>
    <test name="Default test" duration-ms="49729" started-at="2016-05-03T13:55:40Z" finished-at="2016-05-03T13:56:29Z">
      <class name="ua.com.rozetka.pages.TopListPriceAndModelSmartphonesTest">
        <test-method status="PASS" signature="initDriver()[pri:0, instance:ua.com.rozetka.pages.TopListPriceAndModelSmartphonesTest@61832929]" name="initDriver" is-config="true" duration-ms="4372" started-at="2016-05-03T16:55:40Z" finished-at="2016-05-03T16:55:44Z">
          <reporter-output>
          </reporter-output>
        </test-method> <!-- initDriver -->
        <test-method status="PASS" signature="getModelAndPriceOfTopRatedSmartphones()[pri:0, instance:ua.com.rozetka.pages.TopListPriceAndModelSmartphonesTest@61832929]" name="getModelAndPriceOfTopRatedSmartphones" duration-ms="20291" started-at="2016-05-03T16:55:44Z" finished-at="2016-05-03T16:56:04Z">
          <reporter-output>
          </reporter-output>
        </test-method> <!-- getModelAndPriceOfTopRatedSmartphones -->
        <test-method status="PASS" signature="TearDown()[pri:0, instance:ua.com.rozetka.pages.TopListPriceAndModelSmartphonesTest@61832929]" name="TearDown" is-config="true" duration-ms="1023" started-at="2016-05-03T16:56:04Z" finished-at="2016-05-03T16:56:05Z">
          <reporter-output>
          </reporter-output>
        </test-method> <!-- TearDown -->
        <test-method status="PASS" signature="initDriver()[pri:0, instance:ua.com.rozetka.pages.TopListPriceAndModelSmartphonesTest@61832929]" name="initDriver" is-config="true" duration-ms="3506" started-at="2016-05-03T16:56:05Z" finished-at="2016-05-03T16:56:09Z">
          <reporter-output>
          </reporter-output>
        </test-method> <!-- initDriver -->
        <test-method status="PASS" signature="getModelAndPriceOfTopRatedSmartphones2()[pri:0, instance:ua.com.rozetka.pages.TopListPriceAndModelSmartphonesTest@61832929]" name="getModelAndPriceOfTopRatedSmartphones2" duration-ms="19638" started-at="2016-05-03T16:56:09Z" finished-at="2016-05-03T16:56:28Z">
          <reporter-output>
          </reporter-output>
        </test-method> <!-- getModelAndPriceOfTopRatedSmartphones2 -->
        <test-method status="PASS" signature="TearDown()[pri:0, instance:ua.com.rozetka.pages.TopListPriceAndModelSmartphonesTest@61832929]" name="TearDown" is-config="true" duration-ms="863" started-at="2016-05-03T16:56:28Z" finished-at="2016-05-03T16:56:29Z">
          <reporter-output>
          </reporter-output>
        </test-method> <!-- TearDown -->
      </class> <!-- ua.com.rozetka.pages.TopListPriceAndModelSmartphonesTest -->
    </test> <!-- Default test -->
  </suite> <!-- Default suite -->
</testng-results>
